{"contracts/Lottery.sol":{"l":{"60":0,"61":0,"62":0,"63":0,"64":0,"65":0,"66":0,"67":0,"71":0,"72":0,"74":0,"75":0,"77":0,"78":0,"94":0,"95":0,"96":0,"97":0,"98":0,"102":0,"103":0,"104":0,"110":0,"111":0,"118":0,"125":0,"126":0,"127":0,"128":0,"129":0,"130":0,"131":0,"132":0,"133":0,"135":0,"140":0,"144":0,"148":0,"152":0,"156":0,"160":0,"164":0,"167":0},"path":"/Users/a0000/Desktop/lottery-hh/contracts/Lottery.sol","s":{"1":0,"2":0,"3":0,"4":0,"5":0,"6":0,"7":0,"8":0,"9":0,"10":0,"11":0,"12":0,"13":0,"14":0,"15":0,"16":0,"17":0,"18":0,"19":0,"20":0,"21":0,"22":0,"23":0,"24":0,"25":0},"b":{"1":[0,0],"2":[0,0],"3":[0,0],"4":[0,0]},"f":{"1":0,"2":0,"3":0,"4":0,"5":0,"6":0,"7":0,"8":0,"9":0,"10":0,"11":0,"12":0,"13":0},"fnMap":{"1":{"name":"constructor","line":59,"loc":{"start":{"line":52,"column":4},"end":{"line":68,"column":4}}},"2":{"name":"enterRaffle","line":70,"loc":{"start":{"line":70,"column":4},"end":{"line":79,"column":4}}},"3":{"name":"checkUpkeep","line":91,"loc":{"start":{"line":91,"column":4},"end":{"line":99,"column":4}}},"4":{"name":"performUpkeep","line":101,"loc":{"start":{"line":101,"column":4},"end":{"line":119,"column":4}}},"5":{"name":"fulfillRandomWords","line":121,"loc":{"start":{"line":121,"column":4},"end":{"line":136,"column":4}}},"6":{"name":"getEntranceFee","line":139,"loc":{"start":{"line":139,"column":4},"end":{"line":141,"column":4}}},"7":{"name":"getPlayer","line":143,"loc":{"start":{"line":143,"column":4},"end":{"line":145,"column":4}}},"8":{"name":"getRecentWinner","line":147,"loc":{"start":{"line":147,"column":4},"end":{"line":149,"column":4}}},"9":{"name":"getRaffleState","line":151,"loc":{"start":{"line":151,"column":4},"end":{"line":153,"column":4}}},"10":{"name":"getNumWords","line":155,"loc":{"start":{"line":155,"column":4},"end":{"line":157,"column":4}}},"11":{"name":"getNumberOfplayers","line":159,"loc":{"start":{"line":159,"column":4},"end":{"line":161,"column":4}}},"12":{"name":"getLatestTimeStamp","line":163,"loc":{"start":{"line":163,"column":4},"end":{"line":165,"column":4}}},"13":{"name":"getRequestConfimations","line":166,"loc":{"start":{"line":166,"column":4},"end":{"line":168,"column":4}}}},"statementMap":{"1":{"start":{"line":71,"column":8},"end":{"line":71,"column":2560}},"2":{"start":{"line":74,"column":8},"end":{"line":74,"column":2662}},"3":{"start":{"line":77,"column":8},"end":{"line":77,"column":42}},"4":{"start":{"line":78,"column":8},"end":{"line":78,"column":36}},"5":{"start":{"line":94,"column":8},"end":{"line":94,"column":57}},"6":{"start":{"line":95,"column":8},"end":{"line":95,"column":76}},"7":{"start":{"line":96,"column":8},"end":{"line":96,"column":48}},"8":{"start":{"line":97,"column":8},"end":{"line":97,"column":51}},"9":{"start":{"line":102,"column":8},"end":{"line":102,"column":65}},"10":{"start":{"line":103,"column":8},"end":{"line":103,"column":3894}},"11":{"start":{"line":111,"column":8},"end":{"line":111,"column":4154}},"12":{"start":{"line":118,"column":8},"end":{"line":118,"column":45}},"13":{"start":{"line":125,"column":8},"end":{"line":125,"column":65}},"14":{"start":{"line":126,"column":8},"end":{"line":126,"column":63}},"15":{"start":{"line":131,"column":8},"end":{"line":131,"column":78}},"16":{"start":{"line":132,"column":8},"end":{"line":132,"column":4934}},"17":{"start":{"line":135,"column":8},"end":{"line":135,"column":39}},"18":{"start":{"line":140,"column":8},"end":{"line":140,"column":28}},"19":{"start":{"line":144,"column":8},"end":{"line":144,"column":31}},"20":{"start":{"line":148,"column":8},"end":{"line":148,"column":29}},"21":{"start":{"line":152,"column":8},"end":{"line":152,"column":28}},"22":{"start":{"line":156,"column":8},"end":{"line":156,"column":24}},"23":{"start":{"line":160,"column":8},"end":{"line":160,"column":31}},"24":{"start":{"line":164,"column":8},"end":{"line":164,"column":30}},"25":{"start":{"line":167,"column":8},"end":{"line":167,"column":36}}},"branchMap":{"1":{"line":71,"type":"if","locations":[{"start":{"line":71,"column":8},"end":{"line":71,"column":8}},{"start":{"line":71,"column":8},"end":{"line":71,"column":8}}]},"2":{"line":74,"type":"if","locations":[{"start":{"line":74,"column":8},"end":{"line":74,"column":8}},{"start":{"line":74,"column":8},"end":{"line":74,"column":8}}]},"3":{"line":103,"type":"if","locations":[{"start":{"line":103,"column":8},"end":{"line":103,"column":8}},{"start":{"line":103,"column":8},"end":{"line":103,"column":8}}]},"4":{"line":132,"type":"if","locations":[{"start":{"line":132,"column":8},"end":{"line":132,"column":8}},{"start":{"line":132,"column":8},"end":{"line":132,"column":8}}]}}},"contracts/test/VRFCordinatorV2Mock.sol":{"l":{},"path":"/Users/a0000/Desktop/lottery-hh/contracts/test/VRFCordinatorV2Mock.sol","s":{},"b":{},"f":{},"fnMap":{},"statementMap":{},"branchMap":{}}}