TN:
SF:/Users/a0000/Desktop/lottery-hh/contracts/Lottery.sol
FN:59,constructor
FN:70,enterRaffle
FN:91,checkUpkeep
FN:101,performUpkeep
FN:121,fulfillRandomWords
FN:139,getEntranceFee
FN:143,getPlayer
FN:147,getRecentWinner
FN:151,getRaffleState
FN:155,getNumWords
FN:159,getNumberOfplayers
FN:163,getLatestTimeStamp
FN:166,getRequestConfimations
FNF:13
FNH:0
FNDA:0,constructor
FNDA:0,enterRaffle
FNDA:0,checkUpkeep
FNDA:0,performUpkeep
FNDA:0,fulfillRandomWords
FNDA:0,getEntranceFee
FNDA:0,getPlayer
FNDA:0,getRecentWinner
FNDA:0,getRaffleState
FNDA:0,getNumWords
FNDA:0,getNumberOfplayers
FNDA:0,getLatestTimeStamp
FNDA:0,getRequestConfimations
DA:60,0
DA:61,0
DA:62,0
DA:63,0
DA:64,0
DA:65,0
DA:66,0
DA:67,0
DA:71,0
DA:72,0
DA:74,0
DA:75,0
DA:77,0
DA:78,0
DA:94,0
DA:95,0
DA:96,0
DA:97,0
DA:98,0
DA:102,0
DA:103,0
DA:104,0
DA:110,0
DA:111,0
DA:118,0
DA:125,0
DA:126,0
DA:127,0
DA:128,0
DA:129,0
DA:130,0
DA:131,0
DA:132,0
DA:133,0
DA:135,0
DA:140,0
DA:144,0
DA:148,0
DA:152,0
DA:156,0
DA:160,0
DA:164,0
DA:167,0
LF:43
LH:0
BRDA:71,1,0,0
BRDA:71,1,1,0
BRDA:74,2,0,0
BRDA:74,2,1,0
BRDA:103,3,0,0
BRDA:103,3,1,0
BRDA:132,4,0,0
BRDA:132,4,1,0
BRF:8
BRH:0
end_of_record
TN:
SF:/Users/a0000/Desktop/lottery-hh/contracts/test/VRFCordinatorV2Mock.sol
FNF:0
FNH:0
LF:0
LH:0
BRF:0
BRH:0
end_of_record
